2024-09-20T01:20:03.836Z [info]: Server is running on http://localhost:3000
2024-09-20T04:23:15.418Z [info]: Server is running on http://localhost:3000
2024-09-20T04:23:30.839Z [info]: Incoming POST: /tickets
2024-09-20T04:23:32.861Z [error]: Could not load credentials from any providers
2024-09-20T04:24:47.241Z [info]: Incoming POST: /tickets
2024-09-20T04:24:49.254Z [error]: Could not load credentials from any providers
2024-09-20T04:31:11.451Z [info]: Server is running on http://localhost:3000
2024-09-20T04:31:19.568Z [info]: Incoming POST: /tickets
2024-09-20T04:31:20.591Z [error]: Could not load credentials from any providers
2024-09-20T04:38:35.221Z [info]: Server is running on http://localhost:3000
2024-09-20T04:38:40.110Z [info]: Incoming POST: /tickets
2024-09-20T04:38:42.135Z [error]: Could not load credentials from any providers
2024-09-20T04:53:09.993Z [info]: Server is running on http://localhost:3000
2024-09-20T04:54:02.057Z [info]: Incoming POST: /tickets
2024-09-20T04:54:04.101Z [error]: Could not load credentials from any providers
2024-09-20T12:59:21.669Z [info]: Server is running on http://localhost:3000
2024-09-20T12:59:31.226Z [info]: Incoming POST: /tickets
2024-09-20T12:59:32.248Z [error]: Could not load credentials from any providers
2024-09-20T13:10:59.038Z [info]: Server is running on http://localhost:3000
2024-09-20T13:11:05.963Z [info]: Incoming POST: /tickets
2024-09-20T13:11:07.981Z [error]: Could not load credentials from any providers
2024-09-20T13:11:36.367Z [info]: Incoming GET: /
2024-09-20T13:12:37.176Z [info]: Incoming GET: /
2024-09-20T14:44:03.551Z [info]: Server is running on http://localhost:3000
2024-09-20T14:44:12.595Z [info]: Incoming POST: /tickets
2024-09-20T14:44:14.623Z [error]: Could not load credentials from any providers
2024-09-20T14:47:20.811Z [info]: Server is running on http://localhost:3000
2024-09-20T14:47:28.673Z [info]: Incoming POST: /tickets
2024-09-20T14:47:28.691Z [error]: Could not load credentials from any providers
2024-09-20T14:47:30.947Z [info]: Incoming POST: /tickets
2024-09-20T14:47:30.958Z [error]: Could not load credentials from any providers
2024-09-20T14:47:34.921Z [info]: Incoming GET: /
2024-09-20T14:58:53.212Z [info]: Server is running on http://localhost:3000
2024-09-20T14:59:01.211Z [info]: Incoming POST: /tickets
2024-09-20T14:59:03.235Z [error]: Could not load credentials from any providers
2024-09-20T14:59:46.524Z [info]: Server is running on http://localhost:3000
2024-09-20T14:59:50.510Z [info]: Incoming POST: /tickets
2024-09-20T14:59:52.532Z [error]: Could not load credentials from any providers
2024-09-20T15:04:55.906Z [info]: Server is running on http://localhost:3000
2024-09-20T15:05:02.625Z [info]: Incoming POST: /tickets
2024-09-20T15:05:02.649Z [error]: Could not load credentials from any providers
2024-09-20T15:14:50.202Z [info]: Server is running on http://localhost:3000
2024-09-20T15:14:55.887Z [info]: Incoming POST: /tickets
2024-09-20T15:14:57.911Z [error]: Could not load credentials from any providers
2024-09-20T15:23:39.185Z [info]: Server is running on http://localhost:3000
2024-09-20T15:23:52.074Z [info]: Incoming POST: /tickets
2024-09-20T15:23:54.096Z [error]: Could not load credentials from any providers
2024-09-20T15:39:29.504Z [info]: Server is running on http://localhost:3000
2024-09-20T15:39:33.808Z [info]: Incoming POST: /tickets
2024-09-20T15:39:35.831Z [error]: Could not load credentials from any providers
2024-09-20T15:43:55.282Z [info]: Server is running on http://localhost:3000
2024-09-20T15:44:05.562Z [info]: Incoming POST: /tickets
2024-09-20T15:44:06.049Z [error]: 1 validation error detected: Value null at 'item' failed to satisfy constraint: Member must not be null
2024-09-20T15:47:38.125Z [info]: Server is running on http://localhost:3000
2024-09-20T15:47:42.931Z [info]: Incoming POST: /tickets
2024-09-20T15:47:43.216Z [error]: 1 validation error detected: Value null at 'item' failed to satisfy constraint: Member must not be null
2024-09-20T15:48:52.210Z [info]: Server is running on http://localhost:3000
2024-09-20T15:49:04.408Z [info]: Incoming GET: /
2024-09-20T15:49:53.423Z [info]: Server is running on http://localhost:3000
2024-09-20T15:49:58.292Z [info]: Incoming GET: /
2024-09-20T15:52:13.478Z [info]: Server is running on http://localhost:3000
2024-09-20T15:52:19.190Z [info]: Incoming POST: /tickets
2024-09-20T15:52:19.439Z [error]: 1 validation error detected: Value null at 'item' failed to satisfy constraint: Member must not be null
2024-09-20T15:59:44.528Z [info]: Incoming GET: /
2024-09-20T16:03:17.115Z [info]: Server is running on http://localhost:3000
2024-09-20T16:03:22.327Z [info]: Incoming POST: /tickets
2024-09-20T16:03:22.617Z [error]: 1 validation error detected: Value null at 'item' failed to satisfy constraint: Member must not be null
2024-09-20T16:21:36.379Z [info]: Server is running on http://localhost:3000
2024-09-20T16:21:40.711Z [info]: Incoming POST: /tickets
2024-09-20T16:21:41.014Z [error]: 1 validation error detected: Value null at 'item' failed to satisfy constraint: Member must not be null
2024-09-20T16:36:17.118Z [info]: Server is running on http://localhost:3000
2024-09-20T16:36:20.865Z [info]: Incoming POST: /tickets
2024-09-20T16:36:21.214Z [error]: 1 validation error detected: Value null at 'item' failed to satisfy constraint: Member must not be null
2024-09-20T17:48:08.941Z [info]: Server is running on http://localhost:3000
2024-09-20T17:48:13.373Z [info]: Incoming POST: /tickets
2024-09-20T17:48:13.727Z [error]: 1 validation error detected: Value null at 'item' failed to satisfy constraint: Member must not be null
2024-09-20T17:54:36.895Z [info]: Server is running on http://localhost:3000
2024-09-20T17:54:42.426Z [info]: Incoming POST: /tickets
2024-09-20T17:54:42.849Z [error]: 1 validation error detected: Value null at 'item' failed to satisfy constraint: Member must not be null
2024-09-20T18:03:58.569Z [info]: Server is running on http://localhost:3000
2024-09-20T18:04:02.755Z [info]: Incoming POST: /tickets
2024-09-20T18:04:03.058Z [error]: 1 validation error detected: Value null at 'item' failed to satisfy constraint: Member must not be null
2024-09-20T18:05:14.168Z [info]: Incoming POST: /items
2024-09-20T18:05:24.160Z [info]: Incoming POST: /tickets
2024-09-20T18:05:24.245Z [error]: 1 validation error detected: Value null at 'item' failed to satisfy constraint: Member must not be null
2024-09-20T18:16:23.770Z [info]: Server is running on http://localhost:3000
2024-09-20T18:16:31.398Z [info]: Incoming GET: /
2024-09-20T18:17:44.150Z [info]: Server is running on http://localhost:3000
2024-09-20T18:17:49.709Z [info]: Incoming GET: /
2024-09-20T18:19:55.035Z [info]: Server is running on http://localhost:3000
2024-09-20T18:19:58.681Z [info]: Incoming GET: /
2024-09-20T18:23:03.725Z [info]: Server is running on http://localhost:3000
2024-09-20T18:23:07.686Z [info]: Incoming POST: /tickets
2024-09-20T18:23:07.948Z [error]: 1 validation error detected: Value null at 'item' failed to satisfy constraint: Member must not be null
2024-09-20T18:23:14.242Z [info]: Incoming GET: /
2024-09-20T18:25:29.137Z [info]: Server is running on http://localhost:3000
2024-09-20T18:25:33.444Z [info]: Incoming GET: /
2024-09-20T18:25:37.968Z [info]: Incoming POST: /tickets
2024-09-20T18:25:37.976Z [error]: Region is missing
2024-09-20T18:27:10.701Z [info]: Incoming GET: /
2024-09-20T18:27:46.372Z [info]: Server is running on http://localhost:3000
2024-09-20T18:27:51.216Z [info]: Incoming POST: /tickets
2024-09-20T18:27:51.476Z [error]: 1 validation error detected: Value null at 'item' failed to satisfy constraint: Member must not be null
2024-09-20T18:27:55.167Z [info]: Incoming GET: /
2024-09-20T18:40:39.398Z [info]: Server is running on http://localhost:3000
2024-09-20T18:40:53.289Z [info]: Incoming GET: /
2024-09-20T18:40:58.752Z [info]: Incoming POST: /tickets
2024-09-20T18:40:59.018Z [error]: 1 validation error detected: Value null at 'item' failed to satisfy constraint: Member must not be null
2024-09-20T19:04:04.933Z [info]: Server is running on http://localhost:3000
2024-09-20T19:04:09.832Z [info]: Incoming POST: /tickets
2024-09-20T19:05:57.251Z [info]: Incoming GET: /
2024-09-20T19:10:18.323Z [info]: Server is running on http://localhost:3000
2024-09-20T19:10:22.479Z [info]: Incoming GET: /
2024-09-20T19:11:02.652Z [info]: Server is running on http://localhost:3000
2024-09-20T19:11:05.726Z [info]: Incoming GET: /
2024-09-20T19:11:14.984Z [info]: Incoming GET: /
2024-09-20T19:12:59.560Z [info]: Server is running on http://localhost:3000
2024-09-20T19:13:05.012Z [info]: Incoming GET: /
2024-09-20T19:13:29.589Z [info]: Incoming GET: /tickets
2024-09-20T19:14:03.285Z [info]: Incoming GET: /tickets
2024-09-20T19:16:20.988Z [info]: Incoming GET: /tickets/?ticketStatus=%22Pending%22
2024-09-20T19:17:31.090Z [info]: Server is running on http://localhost:3000
2024-09-20T19:17:36.461Z [info]: Incoming POST: /tickets
2024-09-20T19:17:41.098Z [info]: Incoming GET: /tickets
2024-09-20T19:17:51.523Z [info]: Incoming GET: /tickets/?ticketStatus=%22Pending%22
2024-09-20T19:18:21.632Z [info]: Incoming GET: /tickets/?ticketStatus=%22Pending%22
2024-09-20T19:19:07.956Z [info]: Incoming GET: /tickets/?ticketStatus=%22Pending%22
2024-09-20T19:19:28.214Z [info]: Incoming GET: /tickets/
2024-09-20T19:19:50.766Z [info]: Incoming GET: /tickets/?ticketStatus=%22Pending%22
2024-09-20T19:19:54.988Z [info]: Incoming GET: /tickets/
2024-09-20T19:20:20.235Z [info]: Incoming GET: /tickets/?ticketStatus=%22Approved%22
2024-09-20T19:20:38.131Z [info]: Incoming GET: /tickets/?ticketStatus=%22Pending%22
2024-09-20T19:20:41.541Z [info]: Incoming GET: /tickets/
2024-09-20T19:20:55.079Z [info]: Incoming GET: /tickets/?ticketStatus=%22Pending%22
2024-09-20T19:27:35.943Z [info]: Server is running on http://localhost:3000
2024-09-20T19:28:30.451Z [info]: Incoming GET: /tickets/http://localhost:3000/tickets
2024-09-20T19:28:49.532Z [info]: Incoming GET: /tickets/661ac0d7-7bf9-4779-bac2-c886b4f453e5
2024-09-20T19:29:15.204Z [info]: Incoming GET: /tickets/?ticketStatus=Pending
2024-09-20T19:29:28.512Z [info]: Incoming GET: /tickets/?ticketStatus=Approved
2024-09-20T19:39:52.491Z [info]: Server is running on http://localhost:3000
2024-09-20T19:40:11.327Z [info]: Incoming DELETE: /tickets/661ac0d7-7bf9-4779-bac2-c886b4f453e5
2024-09-20T23:58:41.355Z [info]: Server is running on http://localhost:3000
2024-09-21T00:00:15.414Z [info]: Incoming PUT: /tickets/0db54d9c-0972-4b4b-bfbd-1f5793123f42/?ticketStatus=Approved
2024-09-21T00:00:48.959Z [info]: Server is running on http://localhost:3000
2024-09-21T00:00:52.867Z [info]: Incoming PUT: /tickets/0db54d9c-0972-4b4b-bfbd-1f5793123f42/?ticketStatus=Approved
2024-09-21T00:00:53.101Z [error]: Invalid UpdateExpression: Attribute name is a reserved keyword; reserved keyword: status
2024-09-21T00:14:46.678Z [info]: Server is running on http://localhost:3000
2024-09-21T00:14:52.310Z [info]: Incoming PUT: /tickets/0db54d9c-0972-4b4b-bfbd-1f5793123f42/?ticketStatus=Approved
2024-09-21T00:14:52.638Z [error]: Invalid UpdateExpression: Attribute name is a reserved keyword; reserved keyword: status
2024-09-21T00:20:02.025Z [info]: Server is running on http://localhost:3000
2024-09-21T00:20:06.717Z [info]: Incoming PUT: /tickets/0db54d9c-0972-4b4b-bfbd-1f5793123f42/?ticketStatus=Approved
2024-09-21T00:20:07.019Z [error]: Invalid UpdateExpression: Attribute name is a reserved keyword; reserved keyword: status
2024-09-21T00:20:55.262Z [info]: Server is running on http://localhost:3000
2024-09-21T00:20:58.549Z [info]: Incoming PUT: /tickets/0db54d9c-0972-4b4b-bfbd-1f5793123f42/?ticketStatus=Approved
2024-09-21T00:20:58.824Z [error]: Invalid UpdateExpression: Attribute name is a reserved keyword; reserved keyword: status
2024-09-21T00:50:07.604Z [info]: Server is running on http://localhost:3000
2024-09-21T00:50:11.697Z [info]: Incoming PUT: /tickets/0db54d9c-0972-4b4b-bfbd-1f5793123f42/?ticketStatus=Approved
2024-09-21T00:50:45.253Z [info]: Incoming GET: /tickets
2024-09-21T00:52:06.496Z [info]: Incoming PUT: /tickets/6a8bbdaa-1a5f-4f81-90b2-cb4c8eb03d70/?ticketStatus=Denied
2024-09-21T00:52:11.782Z [info]: Incoming GET: /tickets
2024-09-21T01:30:15.646Z [info]: Server is running on http://localhost:3000
2024-09-21T01:30:45.780Z [info]: Incoming PUT: /tickets/0db54d9c-0972-4b4b-bfbd-1f5793123f42/?ticketStatus=Denied
2024-09-21T01:31:26.010Z [info]: Incoming PUT: /tickets/0db54d9c-0972-4b4b-bfbd-1f5793123f42/?ticketStatus=Approved
2024-09-21T01:32:20.312Z [info]: Incoming PUT: /tickets/7ad9f9dc-5f0f-41dd-895a-b9b21b4065fe/?ticketStatus=Approved
2024-09-21T01:32:36.469Z [info]: Incoming POST: /tickets
2024-09-21T01:32:49.032Z [info]: Incoming GET: /tickets
2024-09-21T01:33:32.888Z [info]: Incoming GET: /tickets/?ticketStatus=Approved
2024-09-21T01:33:48.470Z [info]: Incoming GET: /tickets/?ticketStatus=Denied
2024-09-21T01:33:53.882Z [info]: Incoming GET: /tickets/?ticketStatus=Pending
2024-09-21T01:34:09.841Z [info]: Incoming GET: /tickets/?ticketStatus=Wait
2024-09-21T01:36:44.540Z [info]: Server is running on http://localhost:3000
2024-09-21T01:36:53.797Z [info]: Incoming GET: /tickets/?ticketStatus=Approved
2024-09-21T01:37:01.981Z [info]: Incoming GET: /tickets/?ticketStatus=Denied
2024-09-21T01:37:08.381Z [info]: Incoming GET: /tickets/?ticketStatus=Pending
2024-09-21T01:37:12.753Z [info]: Incoming GET: /tickets/?ticketStatus=Wait
2024-09-21T01:38:35.416Z [info]: Server is running on http://localhost:3000
2024-09-21T01:38:44.864Z [info]: Incoming GET: /tickets/?ticketStatus=Approved
2024-09-21T01:38:52.062Z [info]: Incoming GET: /tickets/?ticketStatus=Denied
2024-09-21T01:38:58.937Z [info]: Incoming GET: /tickets/?ticketStatus=Pending
2024-09-21T01:39:05.039Z [info]: Incoming GET: /tickets/?ticketStatus=Wait
2024-09-21T01:51:05.761Z [info]: Server is running on http://localhost:3000
2024-09-21T01:51:13.501Z [info]: Incoming GET: /tickets/?ticketStatus=Approved
2024-09-21T01:51:20.447Z [info]: Incoming GET: /tickets/?ticketStatus=Denied
2024-09-21T01:51:27.295Z [info]: Incoming GET: /tickets/?ticketStatus=Pending
2024-09-21T01:51:32.323Z [info]: Incoming GET: /tickets/?ticketStatus=Wait
2024-09-21T01:52:36.056Z [info]: Server is running on http://localhost:3000
2024-09-21T01:52:40.037Z [info]: Incoming GET: /tickets/?ticketStatus=Wait
2024-09-21T01:52:58.024Z [info]: Incoming GET: /tickets/?ticketStatus=Pending
2024-09-21T01:53:01.822Z [info]: Incoming GET: /tickets
2024-09-21T01:53:10.145Z [info]: Incoming GET: /tickets/661ac0d7-7bf9-4779-bac2-c886b4f453e5
2024-09-21T01:53:23.265Z [info]: Incoming GET: /tickets/0db54d9c-0972-4b4b-bfbd-1f5793123f42
2024-09-21T01:54:54.603Z [info]: Incoming DELETE: /tickets/7ad9f9dc-5f0f-41dd-895a-b9b21b4065fe
2024-09-21T01:55:22.534Z [info]: Server is running on http://localhost:3000
2024-09-21T01:55:26.313Z [info]: Incoming DELETE: /tickets/7ad9f9dc-5f0f-41dd-895a-b9b21b4065fe
2024-09-21T03:15:03.509Z [info]: Server is running on http://localhost:3000
2024-09-21T03:15:29.789Z [info]: Incoming GET: /tickets
2024-09-21T03:15:41.121Z [info]: Incoming GET: /tickets/?ticketStatus=Approved
2024-09-21T03:15:47.362Z [info]: Incoming GET: /tickets/?ticketStatus=Denied
2024-09-21T03:15:52.360Z [info]: Incoming GET: /tickets/?ticketStatus=Pending
2024-09-21T03:16:13.181Z [info]: Incoming GET: /tickets/?ticketStatus=Wait
2024-09-21T03:17:13.048Z [info]: Incoming GET: /tickets/0db54d9c-0972-4b4b-bfbd-1f5793123f42
2024-09-21T03:17:47.267Z [info]: Incoming POST: /tickets
2024-09-21T03:18:19.269Z [info]: Incoming PUT: /tickets/12830b33-96e8-44b9-a708-fca10d29583a/?ticketStatus=Approved
2024-09-21T03:18:48.622Z [info]: Incoming PUT: /tickets/12830b33-96e8-44b9-a708-fca10d29583a/?ticketStatus=Approved
2024-09-21T14:52:10.023Z [info]: Server is running on http://localhost:3000
2024-09-21T14:52:13.925Z [info]: Incoming GET: /users
2024-09-21T14:53:34.747Z [info]: Incoming POST: /users
2024-09-21T14:55:48.850Z [info]: Incoming POST: /users
2024-09-21T14:56:00.867Z [info]: Incoming POST: /users
2024-09-21T14:56:30.190Z [info]: Incoming GET: /users
2024-09-21T14:58:10.223Z [info]: Incoming GET: /users/0f964e4b-14a9-4713-8aa0-c50b644fc8df
2024-09-21T14:58:57.011Z [info]: Incoming DELETE: /users/0f964e4b-14a9-4713-8aa0-c50b644fc8df
2024-09-21T15:00:49.812Z [info]: Incoming POST: /users
2024-09-21T15:02:01.524Z [info]: Incoming PUT: /users/d9b05b5d-dcf6-4080-8de4-482ebca4fcc4/?userRole=Manager
2024-09-21T15:02:22.529Z [info]: Incoming PUT: /users/d9b05b5d-dcf6-4080-8de4-482ebca4fcc4/?userRole=Employee
2024-09-21T15:02:31.471Z [info]: Incoming PUT: /users/d9b05b5d-dcf6-4080-8de4-482ebca4fcc4/?userRole=CEO
2024-09-21T15:02:37.614Z [info]: Incoming PUT: /users/d9b05b5d-dcf6-4080-8de4-482ebca4fcc4/?userRole=Manager
2024-09-21T15:03:42.003Z [info]: Incoming GET: /users/?userRole=Manager
2024-09-21T15:03:49.553Z [info]: Incoming GET: /users/?userRole=Employee
2024-09-21T15:03:59.819Z [info]: Incoming GET: /users/?userRole=CEO
2024-09-21T15:04:07.366Z [info]: Incoming GET: /users/?userRole=Employee
2024-09-21T15:04:15.958Z [info]: Incoming GET: /users/?userRole=Manager
2024-09-21T16:26:46.097Z [info]: Server is running on http://localhost:3000
2024-09-21T16:27:01.997Z [info]: Incoming GET: /users/?userName=user1
2024-09-21T16:31:13.732Z [info]: Incoming GET: /users/?userName=user2
2024-09-21T16:31:27.391Z [info]: Incoming GET: /users/?userName=user1
2024-09-21T16:31:50.577Z [info]: Incoming GET: /users/?userUsername=user1
2024-09-21T16:33:09.875Z [info]: Incoming GET: /users/?userUsername=user2
2024-09-21T16:33:13.544Z [info]: Incoming GET: /users/?userUsername=user3
2024-09-21T16:33:28.109Z [info]: Incoming GET: /users/?userUsername=user4
2024-09-21T16:33:52.915Z [info]: Server is running on http://localhost:3000
2024-09-21T16:34:00.084Z [info]: Incoming GET: /users/?userUsername=user1
2024-09-21T16:34:06.325Z [info]: Incoming GET: /users/?userUsername=user2
2024-09-21T16:34:09.166Z [info]: Incoming GET: /users/?userUsername=user3
2024-09-21T16:34:12.051Z [info]: Incoming GET: /users/?userUsername=user4
2024-09-21T16:34:21.315Z [info]: Incoming GET: /users/?userUsername=user1
2024-09-21T19:04:23.143Z [info]: Server is running on http://localhost:3000
2024-09-21T19:04:35.967Z [info]: Incoming POST: /register
2024-09-21T19:06:42.529Z [info]: Incoming POST: /register
2024-09-21T19:07:09.290Z [info]: Incoming POST: /register
2024-09-21T19:07:18.644Z [info]: Incoming POST: /register
2024-09-21T19:12:51.884Z [info]: Server is running on http://localhost:3000
2024-09-21T19:12:55.219Z [info]: Incoming POST: /login
2024-09-21T19:17:25.680Z [info]: Incoming GET: /protected
2024-09-21T19:19:13.551Z [info]: Incoming GET: /manager-protected
2024-09-21T19:25:20.909Z [info]: Incoming POST: /login
2024-09-21T19:25:41.847Z [info]: Incoming GET: /protected
2024-09-21T19:26:02.926Z [info]: Incoming GET: /manager-protected
2024-09-21T19:43:45.586Z [info]: Incoming GET: /protected
2024-09-21T19:43:45.603Z [error]: jwt expired
2024-09-21T19:43:52.743Z [info]: Incoming GET: /protected
2024-09-21T19:43:52.744Z [error]: jwt expired
2024-09-21T19:44:02.130Z [info]: Incoming GET: /manager-protected
2024-09-22T00:14:35.078Z [info]: Server is running on http://localhost:3000
2024-09-22T00:15:25.254Z [info]: Incoming POST: /login
2024-09-22T00:15:48.161Z [info]: Incoming GET: /protected
2024-09-22T00:16:04.038Z [info]: Incoming POST: /tickets
2024-09-22T00:16:20.728Z [info]: Incoming POST: /tickets
2024-09-22T00:19:21.223Z [info]: Server is running on http://localhost:3000
2024-09-22T00:19:29.570Z [info]: Incoming POST: /tickets
2024-09-22T00:19:29.571Z [error]: jwt is not defined
2024-09-22T00:20:28.556Z [info]: Incoming GET: /tickets
2024-09-22T00:21:11.237Z [info]: Server is running on http://localhost:3000
2024-09-22T00:21:18.180Z [info]: Incoming GET: /tickets
2024-09-22T00:26:07.566Z [info]: Server is running on http://localhost:3000
2024-09-22T00:26:13.051Z [info]: Incoming GET: /tickets
2024-09-22T00:30:11.648Z [info]: Server is running on http://localhost:3000
2024-09-22T00:30:16.726Z [info]: Incoming GET: /tickets
2024-09-22T00:31:16.609Z [info]: Server is running on http://localhost:3000
2024-09-22T00:31:27.131Z [info]: Incoming POST: /login
2024-09-22T00:31:59.276Z [info]: Incoming GET: /tickets
2024-09-22T00:39:57.271Z [info]: Server is running on http://localhost:3000
2024-09-22T00:40:02.635Z [info]: Incoming GET: /tickets
2024-09-22T00:44:53.502Z [info]: Server is running on http://localhost:3000
2024-09-22T00:44:57.992Z [info]: Incoming GET: /tickets
2024-09-22T00:48:25.310Z [info]: Server is running on http://localhost:3000
2024-09-22T00:48:28.508Z [info]: Incoming GET: /tickets
2024-09-22T02:50:24.676Z [info]: Server is running on http://localhost:3000
2024-09-22T02:50:37.314Z [info]: Incoming GET: /tickets
2024-09-22T02:58:13.672Z [info]: Server is running on http://localhost:3000
2024-09-22T02:58:17.179Z [info]: Incoming GET: /tickets
2024-09-22T03:03:09.842Z [info]: Server is running on http://localhost:3000
2024-09-22T03:03:14.258Z [info]: Incoming GET: /tickets
2024-09-22T03:04:18.322Z [info]: Server is running on http://localhost:3000
2024-09-22T03:04:30.719Z [info]: Incoming POST: /login
2024-09-22T03:05:22.405Z [info]: Server is running on http://localhost:3000
2024-09-22T03:05:44.698Z [info]: Incoming POST: /login
2024-09-22T03:06:09.083Z [info]: Incoming GET: /tickets
2024-09-22T03:32:19.134Z [info]: Server is running on http://localhost:3000
2024-09-22T03:32:23.869Z [info]: Incoming POST: /login
2024-09-22T03:32:43.819Z [info]: Incoming GET: /manager-protected
2024-09-22T03:54:27.359Z [info]: Server is running on http://localhost:3000
2024-09-22T03:54:42.569Z [info]: Incoming POST: /login
2024-09-22T03:55:02.822Z [info]: Incoming GET: /manager-protected
2024-09-22T03:55:12.813Z [info]: Incoming GET: /protected
2024-09-22T03:55:32.444Z [info]: Incoming POST: /tickets
2024-09-22T03:57:24.042Z [info]: Incoming POST: /tickets
2024-09-22T03:57:32.982Z [info]: Incoming POST: /tickets
2024-09-22T03:57:39.518Z [info]: Incoming POST: /tickets
2024-09-22T04:02:01.655Z [info]: Incoming POST: /register
2024-09-22T04:02:51.806Z [info]: Incoming POST: /login
2024-09-22T04:03:10.509Z [info]: Incoming GET: /protected
2024-09-22T04:03:37.403Z [info]: Incoming POST: /tickets
2024-09-22T04:03:44.477Z [info]: Incoming POST: /tickets
2024-09-22T04:03:50.268Z [info]: Incoming POST: /tickets
2024-09-22T05:00:56.651Z [info]: Server is running on http://localhost:3000
2024-09-22T05:01:13.802Z [info]: Incoming POST: /login
2024-09-22T05:01:36.008Z [info]: Incoming GET: /manager-protected
2024-09-22T05:01:51.964Z [info]: Incoming GET: /tickets
2024-09-22T05:02:50.412Z [info]: Incoming GET: /tickets/310bf58d-a1c2-498e-813f-e106bc012c86
2024-09-22T05:03:40.007Z [info]: Server is running on http://localhost:3000
2024-09-22T05:04:05.504Z [info]: Incoming GET: /tickets/310bf58d-a1c2-498e-813f-e106bc012c86
2024-09-22T05:05:45.848Z [info]: Incoming PUT: /tickets/310bf58d-a1c2-498e-813f-e106bc012c86/?ticketStatus=Approved
2024-09-22T05:05:46.142Z [error]: The provided key element does not match the schema
2024-09-22T15:38:04.909Z [info]: Server is running on http://localhost:3000
2024-09-22T15:38:11.218Z [info]: Incoming POST: /login
2024-09-22T15:38:47.845Z [info]: Incoming GET: /tickets/310bf58d-a1c2-498e-813f-e106bc012c86
2024-09-22T15:39:08.763Z [info]: Incoming PUT: /tickets/310bf58d-a1c2-498e-813f-e106bc012c86/?ticketStatus=Denied
2024-09-22T15:39:08.892Z [error]: The provided key element does not match the schema
2024-09-22T15:39:25.623Z [info]: Incoming PUT: /tickets/310bf58d-a1c2-498e-813f-e106bc012c86/?ticketStatus=Approved
2024-09-22T15:39:25.746Z [error]: The provided key element does not match the schema
2024-09-22T15:49:34.712Z [info]: Server is running on http://localhost:3000
2024-09-22T15:49:43.186Z [info]: Incoming PUT: /tickets/310bf58d-a1c2-498e-813f-e106bc012c86/?ticketStatus=Approved
2024-09-22T15:49:43.574Z [error]: Invalid UpdateExpression: Attribute name is a reserved keyword; reserved keyword: status
2024-09-22T15:50:24.830Z [info]: Server is running on http://localhost:3000
2024-09-22T15:50:28.292Z [info]: Incoming PUT: /tickets/310bf58d-a1c2-498e-813f-e106bc012c86/?ticketStatus=Approved
2024-09-22T15:50:28.649Z [error]: The provided key element does not match the schema
2024-09-22T15:51:21.199Z [info]: Server is running on http://localhost:3000
2024-09-22T15:51:23.912Z [info]: Incoming PUT: /tickets/310bf58d-a1c2-498e-813f-e106bc012c86/?ticketStatus=Approved
2024-09-22T15:51:24.268Z [error]: The provided key element does not match the schema
2024-09-22T15:55:58.743Z [info]: Server is running on http://localhost:3000
2024-09-22T15:56:11.278Z [info]: Incoming POST: /login
2024-09-22T15:56:37.992Z [info]: Incoming GET: /tickets
2024-09-22T15:57:26.784Z [info]: Incoming DELETE: /tickets/733f406c-0f8e-4437-927b-d15536cf161c
2024-09-22T15:57:26.859Z [error]: The provided key element does not match the schema
2024-09-22T15:57:49.881Z [info]: Incoming GET: /tickets/733f406c-0f8e-4437-927b-d15536cf161c
2024-09-22T15:59:02.017Z [info]: Server is running on http://localhost:3000
2024-09-22T15:59:04.542Z [info]: Incoming GET: /tickets/733f406c-0f8e-4437-927b-d15536cf161c
2024-09-22T16:00:03.858Z [info]: Server is running on http://localhost:3000
2024-09-22T16:00:20.250Z [info]: Incoming DELETE: /tickets/733f406c-0f8e-4437-927b-d15536cf161c
2024-09-22T16:00:20.514Z [error]: The provided key element does not match the schema
2024-09-22T16:02:28.074Z [info]: Server is running on http://localhost:3000
2024-09-22T16:03:07.968Z [info]: Incoming PUT: /tickets/733f406c-0f8e-4437-927b-d15536cf161c/?ticketStatus=Approved
2024-09-22T16:03:08.321Z [error]: The provided key element does not match the schema
2024-09-22T16:18:35.345Z [info]: Server is running on http://localhost:3000
2024-09-22T16:18:46.950Z [info]: Incoming POST: /login
2024-09-22T16:19:02.547Z [info]: Incoming PUT: /tickets/733f406c-0f8e-4437-927b-d15536cf161c/?ticketStatus=Approved
2024-09-22T16:19:57.237Z [info]: Server is running on http://localhost:3000
2024-09-22T16:20:02.018Z [info]: Incoming PUT: /tickets/733f406c-0f8e-4437-927b-d15536cf161c/?ticketStatus=Approved
2024-09-22T16:23:14.471Z [info]: Server is running on http://localhost:3000
2024-09-22T16:23:42.305Z [info]: Incoming DELETE: /tickets/733f406c-0f8e-4437-927b-d15536cf161c
2024-09-22T16:24:22.142Z [info]: Server is running on http://localhost:3000
2024-09-22T16:24:24.930Z [info]: Incoming DELETE: /tickets/733f406c-0f8e-4437-927b-d15536cf161c
2024-09-22T17:00:54.714Z [info]: Server is running on http://localhost:3000
2024-09-22T17:01:07.973Z [info]: Incoming POST: /login
2024-09-22T17:01:27.297Z [info]: Incoming GET: /tickets
2024-09-22T17:01:56.886Z [info]: Incoming GET: /tickets/?ticketStatus=Approved
2024-09-22T17:02:05.565Z [info]: Incoming GET: /tickets/?ticketStatus=Denied
2024-09-22T17:02:11.196Z [info]: Incoming GET: /tickets/?ticketStatus=Pending
2024-09-22T17:03:09.836Z [info]: Incoming GET: /tickets/2a7f0d37-0645-47e1-b357-190c9f51dfd9
2024-09-22T17:05:25.448Z [info]: Incoming PUT: /tickets/2a7f0d37-0645-47e1-b357-190c9f51dfd9/?ticketStatus=Denied
2024-09-22T17:06:00.558Z [info]: Server is running on http://localhost:3000
2024-09-22T17:06:03.880Z [info]: Incoming PUT: /tickets/2a7f0d37-0645-47e1-b357-190c9f51dfd9/?ticketStatus=Denied
2024-09-22T17:06:36.707Z [info]: Incoming DELETE: /tickets/2a7f0d37-0645-47e1-b357-190c9f51dfd9
2024-09-22T19:15:03.997Z [info]: Server is running on http://localhost:3000
2024-09-22T19:15:09.312Z [info]: Incoming POST: /login
2024-09-22T19:15:29.985Z [info]: Incoming GET: /users
2024-09-22T19:16:17.258Z [info]: Incoming GET: /users/cec261bb-c9c4-47ad-a944-60dd02d2bd94
2024-09-22T19:17:09.011Z [info]: Incoming GET: /users/?userUsername=user2
2024-09-22T19:18:04.410Z [info]: Incoming PUT: /users/cec261bb-c9c4-47ad-a944-60dd02d2bd94/?userRole=Manager
2024-09-22T19:18:34.699Z [info]: Incoming PUT: /users/cec261bb-c9c4-47ad-a944-60dd02d2bd94/?userRole=Employee
2024-09-22T19:19:28.552Z [info]: Incoming DELETE: /users/27a7ec89-cc5b-43c2-a108-3e0b5a18d644
2024-09-22T19:20:01.814Z [info]: Incoming POST: /register
2024-09-22T19:57:13.768Z [info]: Server is running on http://localhost:3000
2024-09-22T20:22:36.977Z [info]: Server is running on http://localhost:3000
2024-09-22T20:23:27.647Z [info]: Incoming POST: /login
2024-09-22T20:23:51.563Z [info]: Incoming GET: /tickets
2024-09-22T20:24:06.580Z [info]: Server is running on http://localhost:3000
2024-09-22T20:24:09.763Z [info]: Incoming GET: /tickets
2024-09-22T20:25:28.596Z [info]: Incoming GET: /tickets/?userId=cec261bb-c9c4-47ad-a944-60dd02d2bd94
2024-09-22T20:26:54.170Z [info]: Server is running on http://localhost:3000
2024-09-22T20:26:58.357Z [info]: Incoming GET: /tickets/?userId=cec261bb-c9c4-47ad-a944-60dd02d2bd94
2024-09-22T20:28:26.478Z [info]: Incoming GET: /tickets/?userId=cec261bb-c9c4-47ad-a944-60dd02d2bd94
2024-09-23T17:16:27.419Z [info]: Server is running on http://localhost:3000
2024-09-23T17:17:01.600Z [info]: Incoming POST: /login
2024-09-23T17:17:56.506Z [info]: Incoming GET: /tickets/?userId=cec261bb-c9c4-47ad-a944-60dd02d2bd94
2024-09-23T22:36:32.017Z [info]: Server is running on http://localhost:3000
2024-09-23T22:36:39.653Z [info]: Incoming POST: /login
2024-09-23T22:37:11.873Z [info]: Incoming GET: /tickets/?userId=cec261bb-c9c4-47ad-a944-60dd02d2bd94
2024-09-23T22:37:55.215Z [info]: Incoming GET: /tickets/?userId=27a7ec89-cc5b-43c2-a108-3e0b5a18d644
2024-09-23T22:39:47.865Z [info]: Server is running on http://localhost:3000
2024-09-23T22:39:55.832Z [info]: Incoming GET: /tickets/?userId=27a7ec89-cc5b-43c2-a108-3e0b5a18d644
2024-09-23T22:40:17.124Z [info]: Incoming GET: /tickets/?userId=cec261bb-c9c4-47ad-a944-60dd02d2bd94
2024-09-23T22:40:17.416Z [error]: Query condition missed key schema element: ticket_id
